

================================================================
== Vivado HLS Report for 'fir'
================================================================
* Date:           Sun Oct 11 22:46:37 2020

* Version:        2019.1 (Build 2552052 on Fri May 24 15:28:33 MDT 2019)
* Project:        baseline
* Solution:       solution1
* Product family: zynq
* Target device:  xc7z020-clg400-1


================================================================
== Performance Estimates
================================================================
+ Timing (ns): 
    * Summary: 
    +--------+-------+----------+------------+
    |  Clock | Target| Estimated| Uncertainty|
    +--------+-------+----------+------------+
    |ap_clk  |  10.00|     6.508|        1.25|
    +--------+-------+----------+------------+

+ Latency (clock cycles): 
    * Summary: 
    +-----+-----+-----+-----+---------+
    |  Latency  |  Interval | Pipeline|
    | min | max | min | max |   Type  |
    +-----+-----+-----+-----+---------+
    |  640|  640|  640|  640|   none  |
    +-----+-----+-----+-----+---------+

    + Detail: 
        * Instance: 
        N/A

        * Loop: 
        +----------+-----+-----+----------+-----------+-----------+------+----------+
        |          |  Latency  | Iteration|  Initiation Interval  | Trip |          |
        | Loop Name| min | max |  Latency |  achieved |   target  | Count| Pipelined|
        +----------+-----+-----+----------+-----------+-----------+------+----------+
        |- Loop 1  |  254|  254|         2|          -|          -|   127|    no    |
        |- Loop 2  |  384|  384|         3|          -|          -|   128|    no    |
        +----------+-----+-----+----------+-----------+-----------+------+----------+



================================================================
== Utilization Estimates
================================================================
* Summary: 
+-----------------+---------+-------+--------+-------+-----+
|       Name      | BRAM_18K| DSP48E|   FF   |  LUT  | URAM|
+-----------------+---------+-------+--------+-------+-----+
|DSP              |        -|      1|       -|      -|    -|
|Expression       |        -|      -|       0|     54|    -|
|FIFO             |        -|      -|       -|      -|    -|
|Instance         |        -|      -|       -|      -|    -|
|Memory           |        1|      -|       5|     10|    0|
|Multiplexer      |        -|      -|       -|    107|    -|
|Register         |        -|      -|      68|      -|    -|
+-----------------+---------+-------+--------+-------+-----+
|Total            |        1|      1|      73|    171|    0|
+-----------------+---------+-------+--------+-------+-----+
|Available        |      280|    220|  106400|  53200|    0|
+-----------------+---------+-------+--------+-------+-----+
|Utilization (%)  |    ~0   |   ~0  |   ~0   |   ~0  |    0|
+-----------------+---------+-------+--------+-------+-----+

+ Detail: 
    * Instance: 
    N/A

    * DSP48E: 
    +-------------------------+----------------------+--------------+
    |         Instance        |        Module        |  Expression  |
    +-------------------------+----------------------+--------------+
    |fir_mac_muladd_8sbkb_U1  |fir_mac_muladd_8sbkb  | i0 + i1 * i2 |
    +-------------------------+----------------------+--------------+

    * Memory: 
    +--------+----------+---------+---+----+-----+------+-----+------+-------------+
    | Memory |  Module  | BRAM_18K| FF| LUT| URAM| Words| Bits| Banks| W*Bits*Banks|
    +--------+----------+---------+---+----+-----+------+-----+------+-------------+
    |c_U     |fir_c     |        0|  5|  10|    0|   128|    5|     1|          640|
    |data_U  |fir_data  |        1|  0|   0|    0|   128|    8|     1|         1024|
    +--------+----------+---------+---+----+-----+------+-----+------+-------------+
    |Total   |          |        1|  5|  10|    0|   256|   13|     2|         1664|
    +--------+----------+---------+---+----+-----+------+-----+------+-------------+

    * FIFO: 
    N/A

    * Expression: 
    +---------------------+----------+-------+---+----+------------+------------+
    |    Variable Name    | Operation| DSP48E| FF| LUT| Bitwidth P0| Bitwidth P1|
    +---------------------+----------+-------+---+----+------------+------------+
    |i_1_fu_164_p2        |     +    |      0|  0|  15|           8|           1|
    |i_fu_138_p2          |     +    |      0|  0|  15|           7|           2|
    |icmp_ln25_fu_132_p2  |   icmp   |      0|  0|  11|           7|           1|
    |icmp_ln32_fu_158_p2  |   icmp   |      0|  0|  13|           8|           9|
    +---------------------+----------+-------+---+----+------------+------------+
    |Total                |          |      0|  0|  54|          30|          13|
    +---------------------+----------+-------+---+----+------------+------------+

    * Multiplexer: 
    +---------------+----+-----------+-----+-----------+
    |      Name     | LUT| Input Size| Bits| Total Bits|
    +---------------+----+-----------+-----+-----------+
    |acc_0_reg_109  |   9|          2|   19|         38|
    |ap_NS_fsm      |  38|          7|    1|          7|
    |data_address0  |  27|          5|    7|         35|
    |data_d0        |  15|          3|    8|         24|
    |i1_0_reg_121   |   9|          2|    8|         16|
    |i_0_reg_97     |   9|          2|    7|         14|
    +---------------+----+-----------+-----+-----------+
    |Total          | 107|         21|   50|        134|
    +---------------+----+-----------+-----+-----------+

    * Register: 
    +---------------------+----+----+-----+-----------+
    |         Name        | FF | LUT| Bits| Const Bits|
    +---------------------+----+----+-----+-----------+
    |acc_0_reg_109        |  19|   0|   19|          0|
    |ap_CS_fsm            |   6|   0|    6|          0|
    |c_load_reg_236       |   5|   0|    5|          0|
    |data_load_1_reg_231  |   8|   0|    8|          0|
    |i1_0_reg_121         |   8|   0|    8|          0|
    |i_0_reg_97           |   7|   0|    7|          0|
    |i_1_reg_216          |   8|   0|    8|          0|
    |i_reg_203            |   7|   0|    7|          0|
    +---------------------+----+----+-----+-----------+
    |Total                |  68|   0|   68|          0|
    +---------------------+----+----+-----+-----------+



================================================================
== Interface
================================================================
* Summary: 
+----------+-----+-----+------------+--------------+--------------+
| RTL Ports| Dir | Bits|  Protocol  | Source Object|    C Type    |
+----------+-----+-----+------------+--------------+--------------+
|ap_clk    |  in |    1| ap_ctrl_hs |      fir     | return value |
|ap_rst    |  in |    1| ap_ctrl_hs |      fir     | return value |
|ap_start  |  in |    1| ap_ctrl_hs |      fir     | return value |
|ap_done   | out |    1| ap_ctrl_hs |      fir     | return value |
|ap_idle   | out |    1| ap_ctrl_hs |      fir     | return value |
|ap_ready  | out |    1| ap_ctrl_hs |      fir     | return value |
|y         | out |   32|   ap_vld   |       y      |    pointer   |
|y_ap_vld  | out |    1|   ap_vld   |       y      |    pointer   |
|x         |  in |   32|   ap_none  |       x      |    scalar    |
+----------+-----+-----+------------+--------------+--------------+

