

================================================================
== Vivado HLS Report for 'fir'
================================================================
* Date:           Mon Oct 12 01:39:37 2020

* Version:        2019.1 (Build 2552052 on Fri May 24 15:28:33 MDT 2019)
* Project:        baseline
* Solution:       solution1
* Product family: zynq
* Target device:  xc7z020-clg400-1


================================================================
== Performance Estimates
================================================================
+ Timing (ns): 
    * Summary: 
    +--------+-------+----------+------------+
    |  Clock | Target| Estimated| Uncertainty|
    +--------+-------+----------+------------+
    |ap_clk  |  10.00|     8.510|        1.25|
    +--------+-------+----------+------------+

+ Latency (clock cycles): 
    * Summary: 
    +-----+-----+-----+-----+---------+
    |  Latency  |  Interval | Pipeline|
    | min | max | min | max |   Type  |
    +-----+-----+-----+-----+---------+
    |  509|  509|  509|  509|   none  |
    +-----+-----+-----+-----+---------+

    + Detail: 
        * Instance: 
        N/A

        * Loop: 
        +----------+-----+-----+----------+-----------+-----------+------+----------+
        |          |  Latency  | Iteration|  Initiation Interval  | Trip |          |
        | Loop Name| min | max |  Latency |  achieved |   target  | Count| Pipelined|
        +----------+-----+-----+----------+-----------+-----------+------+----------+
        |- Loop 1  |  508|  508|         4|          -|          -|   127|    no    |
        +----------+-----+-----+----------+-----------+-----------+------+----------+



================================================================
== Utilization Estimates
================================================================
* Summary: 
+-----------------+---------+-------+--------+-------+-----+
|       Name      | BRAM_18K| DSP48E|   FF   |  LUT  | URAM|
+-----------------+---------+-------+--------+-------+-----+
|DSP              |        -|      -|       -|      -|    -|
|Expression       |        -|      2|       0|    149|    -|
|FIFO             |        -|      -|       -|      -|    -|
|Instance         |        -|      -|       -|      -|    -|
|Memory           |        1|      -|       5|     10|    0|
|Multiplexer      |        -|      -|       -|     87|    -|
|Register         |        -|      -|     127|      -|    -|
+-----------------+---------+-------+--------+-------+-----+
|Total            |        1|      2|     132|    246|    0|
+-----------------+---------+-------+--------+-------+-----+
|Available        |      280|    220|  106400|  53200|    0|
+-----------------+---------+-------+--------+-------+-----+
|Utilization (%)  |    ~0   |   ~0  |   ~0   |   ~0  |    0|
+-----------------+---------+-------+--------+-------+-----+

+ Detail: 
    * Instance: 
    N/A

    * DSP48E: 
    N/A

    * Memory: 
    +--------+----------+---------+---+----+-----+------+-----+------+-------------+
    | Memory |  Module  | BRAM_18K| FF| LUT| URAM| Words| Bits| Banks| W*Bits*Banks|
    +--------+----------+---------+---+----+-----+------+-----+------+-------------+
    |c_U     |fir_c     |        0|  5|  10|    0|   128|    5|     1|          640|
    |data_U  |fir_data  |        1|  0|   0|    0|   128|   32|     1|         4096|
    +--------+----------+---------+---+----+-----+------+-----+------+-------------+
    |Total   |          |        1|  5|  10|    0|   256|   37|     2|         4736|
    +--------+----------+---------+---+----+-----+------+-----+------+-------------+

    * FIFO: 
    N/A

    * Expression: 
    +---------------------+----------+-------+---+----+------------+------------+
    |    Variable Name    | Operation| DSP48E| FF| LUT| Bitwidth P0| Bitwidth P1|
    +---------------------+----------+-------+---+----+------------+------------+
    |mul_ln27_fu_156_p2   |     *    |      2|  0|  20|          32|           5|
    |acc_fu_161_p2        |     +    |      0|  0|  39|          32|          32|
    |add_ln30_fu_140_p2   |     +    |      0|  0|  32|          32|          32|
    |i_fu_114_p2          |     +    |      0|  0|  15|           7|           2|
    |y                    |     +    |      0|  0|  32|          32|          32|
    |icmp_ln25_fu_108_p2  |   icmp   |      0|  0|  11|           7|           1|
    +---------------------+----------+-------+---+----+------------+------------+
    |Total                |          |      2|  0| 149|         142|         104|
    +---------------------+----------+-------+---+----+------------+------------+

    * Multiplexer: 
    +---------------+----+-----------+-----+-----------+
    |      Name     | LUT| Input Size| Bits| Total Bits|
    +---------------+----+-----------+-----+-----------+
    |acc_0_reg_85   |   9|          2|   32|         64|
    |ap_NS_fsm      |  33|          6|    1|          6|
    |data_address0  |  21|          4|    7|         28|
    |data_d0        |  15|          3|   32|         96|
    |i_0_reg_97     |   9|          2|    7|         14|
    +---------------+----+-----------+-----+-----------+
    |Total          |  87|         17|   79|        208|
    +---------------+----+-----------+-----+-----------+

    * Register: 
    +---------------------+----+----+-----+-----------+
    |         Name        | FF | LUT| Bits| Const Bits|
    +---------------------+----+----+-----+-----------+
    |acc_0_reg_85         |  32|   0|   32|          0|
    |ap_CS_fsm            |   5|   0|    5|          0|
    |c_load_reg_201       |   5|   0|    5|          0|
    |data_load_reg_196    |  32|   0|   32|          0|
    |i_0_reg_97           |   7|   0|    7|          0|
    |i_reg_176            |   7|   0|    7|          0|
    |mul_ln27_reg_206     |  32|   0|   32|          0|
    |zext_ln26_1_reg_186  |   7|   0|   64|         57|
    +---------------------+----+----+-----+-----------+
    |Total                | 127|   0|  184|         57|
    +---------------------+----+----+-----+-----------+



================================================================
== Interface
================================================================
* Summary: 
+----------+-----+-----+------------+--------------+--------------+
| RTL Ports| Dir | Bits|  Protocol  | Source Object|    C Type    |
+----------+-----+-----+------------+--------------+--------------+
|ap_clk    |  in |    1| ap_ctrl_hs |      fir     | return value |
|ap_rst    |  in |    1| ap_ctrl_hs |      fir     | return value |
|ap_start  |  in |    1| ap_ctrl_hs |      fir     | return value |
|ap_done   | out |    1| ap_ctrl_hs |      fir     | return value |
|ap_idle   | out |    1| ap_ctrl_hs |      fir     | return value |
|ap_ready  | out |    1| ap_ctrl_hs |      fir     | return value |
|y         | out |   32|   ap_vld   |       y      |    pointer   |
|y_ap_vld  | out |    1|   ap_vld   |       y      |    pointer   |
|x         |  in |   32|   ap_none  |       x      |    scalar    |
+----------+-----+-----+------------+--------------+--------------+

