

================================================================
== Vivado HLS Report for 'dft'
================================================================
* Date:           Fri Oct 30 01:53:31 2020

* Version:        2019.1 (Build 2552052 on Fri May 24 15:28:33 MDT 2019)
* Project:        hls
* Solution:       solution1
* Product family: zynq
* Target device:  xc7z020-clg484-1


================================================================
== Performance Estimates
================================================================
+ Timing (ns): 
    * Summary: 
    +--------+-------+----------+------------+
    |  Clock | Target| Estimated| Uncertainty|
    +--------+-------+----------+------------+
    |ap_clk  |  10.00|     7.424|        1.25|
    +--------+-------+----------+------------+

+ Latency (clock cycles): 
    * Summary: 
    +---------+---------+---------+---------+---------+
    |      Latency      |      Interval     | Pipeline|
    |   min   |   max   |   min   |   max   |   Type  |
    +---------+---------+---------+---------+---------+
    |  1115138|  1115138|  1115138|  1115138|   none  |
    +---------+---------+---------+---------+---------+

    + Detail: 
        * Instance: 
        N/A

        * Loop: 
        +-------------+---------+---------+----------+-----------+-----------+------+----------+
        |             |      Latency      | Iteration|  Initiation Interval  | Trip |          |
        |  Loop Name  |   min   |   max   |  Latency |  achieved |   target  | Count| Pipelined|
        +-------------+---------+---------+----------+-----------+-----------+------+----------+
        |- Loop 1     |  1114624|  1114624|      4354|          -|          -|   256|    no    |
        | + Loop 1.1  |     4352|     4352|        17|          -|          -|   256|    no    |
        |- Loop 2     |      512|      512|         2|          -|          -|   256|    no    |
        +-------------+---------+---------+----------+-----------+-----------+------+----------+



================================================================
== Utilization Estimates
================================================================
* Summary: 
+-----------------+---------+-------+--------+-------+-----+
|       Name      | BRAM_18K| DSP48E|   FF   |  LUT  | URAM|
+-----------------+---------+-------+--------+-------+-----+
|DSP              |        -|      -|       -|      -|    -|
|Expression       |        -|      0|       0|    125|    -|
|FIFO             |        -|      -|       -|      -|    -|
|Instance         |        -|     16|     982|   2064|    -|
|Memory           |        4|      -|       0|      0|    0|
|Multiplexer      |        -|      -|       -|    276|    -|
|Register         |        -|      -|     492|      -|    -|
+-----------------+---------+-------+--------+-------+-----+
|Total            |        4|     16|    1474|   2465|    0|
+-----------------+---------+-------+--------+-------+-----+
|Available        |      280|    220|  106400|  53200|    0|
+-----------------+---------+-------+--------+-------+-----+
|Utilization (%)  |        1|      7|       1|      4|    0|
+-----------------+---------+-------+--------+-------+-----+

+ Detail: 
    * Instance: 
    +-------------------------+----------------------+---------+-------+-----+-----+-----+
    |         Instance        |        Module        | BRAM_18K| DSP48E|  FF | LUT | URAM|
    +-------------------------+----------------------+---------+-------+-----+-----+-----+
    |dft_fadd_32ns_32neOg_U2  |dft_fadd_32ns_32neOg  |        0|      2|  205|  390|    0|
    |dft_faddfsub_32nsdEe_U1  |dft_faddfsub_32nsdEe  |        0|      2|  205|  390|    0|
    |dft_fmul_32ns_32nfYi_U3  |dft_fmul_32ns_32nfYi  |        0|      3|  143|  321|    0|
    |dft_fmul_32ns_32nfYi_U4  |dft_fmul_32ns_32nfYi  |        0|      3|  143|  321|    0|
    |dft_fmul_32ns_32nfYi_U5  |dft_fmul_32ns_32nfYi  |        0|      3|  143|  321|    0|
    |dft_fmul_32ns_32nfYi_U6  |dft_fmul_32ns_32nfYi  |        0|      3|  143|  321|    0|
    +-------------------------+----------------------+---------+-------+-----+-----+-----+
    |Total                    |                      |        0|     16|  982| 2064|    0|
    +-------------------------+----------------------+---------+-------+-----+-----+-----+

    * DSP48E: 
    N/A

    * Memory: 
    +------------------------+----------------------+---------+---+----+-----+------+-----+------+-------------+
    |         Memory         |        Module        | BRAM_18K| FF| LUT| URAM| Words| Bits| Banks| W*Bits*Banks|
    +------------------------+----------------------+---------+---+----+-----+------+-----+------+-------------+
    |cos_coefficients_tab_U  |dft_cos_coefficiebkb  |        1|  0|   0|    0|   256|   32|     1|         8192|
    |real_U                  |dft_real              |        1|  0|   0|    0|   256|   32|     1|         8192|
    |imag_U                  |dft_real              |        1|  0|   0|    0|   256|   32|     1|         8192|
    |sin_coefficients_tab_U  |dft_sin_coefficiecud  |        1|  0|   0|    0|   256|   32|     1|         8192|
    +------------------------+----------------------+---------+---+----+-----+------+-----+------+-------------+
    |Total                   |                      |        4|  0|   0|    0|  1024|  128|     4|        32768|
    +------------------------+----------------------+---------+---+----+-----+------+-----+------+-------------+

    * FIFO: 
    N/A

    * Expression: 
    +---------------------+----------+-------+---+----+------------+------------+
    |    Variable Name    | Operation| DSP48E| FF| LUT| Bitwidth P0| Bitwidth P1|
    +---------------------+----------+-------+---+----+------------+------------+
    |mul_ln14_fu_301_p2   |     *    |      0|  0|  41|           8|           8|
    |i_2_fu_267_p2        |     +    |      0|  0|  15|           1|           9|
    |i_fu_318_p2          |     +    |      0|  0|  15|           9|           1|
    |j_fu_289_p2          |     +    |      0|  0|  15|           1|           9|
    |icmp_ln10_fu_261_p2  |   icmp   |      0|  0|  13|           9|          10|
    |icmp_ln13_fu_283_p2  |   icmp   |      0|  0|  13|           9|          10|
    |icmp_ln20_fu_312_p2  |   icmp   |      0|  0|  13|           9|          10|
    +---------------------+----------+-------+---+----+------------+------------+
    |Total                |          |      0|  0| 125|          46|          57|
    +---------------------+----------+-------+---+----+------------+------------+

    * Multiplexer: 
    +--------------------+-----+-----------+-----+-----------+
    |        Name        | LUT | Input Size| Bits| Total Bits|
    +--------------------+-----+-----------+-----+-----------+
    |ap_NS_fsm           |  105|         22|    1|         22|
    |empty_3_reg_184     |    9|          2|   32|         64|
    |grp_fu_218_opcode   |   15|          3|    2|          6|
    |grp_fu_218_p0       |   15|          3|   32|         96|
    |grp_fu_218_p1       |   15|          3|   32|         96|
    |grp_fu_222_p0       |   15|          3|   32|         96|
    |grp_fu_222_p1       |   15|          3|   32|         96|
    |i_0_reg_160         |    9|          2|    9|         18|
    |i_1_reg_207         |    9|          2|    9|         18|
    |imag_address0       |   15|          3|    8|         24|
    |j_0_reg_196         |    9|          2|    9|         18|
    |real_address0       |   21|          4|    8|         32|
    |real_d0             |   15|          3|   32|         96|
    |storemerge_reg_171  |    9|          2|   32|         64|
    +--------------------+-----+-----------+-----+-----------+
    |Total               |  276|         57|  270|        746|
    +--------------------+-----+-----------+-----+-----------+

    * Register: 
    +--------------------------------+----+----+-----+-----------+
    |              Name              | FF | LUT| Bits| Const Bits|
    +--------------------------------+----+----+-----+-----------+
    |ap_CS_fsm                       |  21|   0|   21|          0|
    |cos_coefficients_tab_2_reg_387  |  32|   0|   32|          0|
    |empty_3_reg_184                 |  32|   0|   32|          0|
    |i_0_reg_160                     |   9|   0|    9|          0|
    |i_1_reg_207                     |   9|   0|    9|          0|
    |i_2_reg_338                     |   9|   0|    9|          0|
    |i_reg_428                       |   9|   0|    9|          0|
    |imag_addr_reg_348               |   8|   0|    8|          0|
    |input_imag_load_reg_393         |  32|   0|   32|          0|
    |input_real_load_reg_381         |  32|   0|   32|          0|
    |j_0_reg_196                     |   9|   0|    9|          0|
    |j_reg_356                       |   9|   0|    9|          0|
    |real_addr_reg_343               |   8|   0|    8|          0|
    |reg_244                         |  32|   0|   32|          0|
    |reg_251                         |  32|   0|   32|          0|
    |sin_coefficients_tab_2_reg_399  |  32|   0|   32|          0|
    |storemerge_reg_171              |  32|   0|   32|          0|
    |tmp_1_reg_410                   |  32|   0|   32|          0|
    |tmp_4_reg_415                   |  32|   0|   32|          0|
    |tmp_5_reg_420                   |  32|   0|   32|          0|
    |tmp_reg_405                     |  32|   0|   32|          0|
    |trunc_ln14_reg_330              |   8|   0|    8|          0|
    |zext_ln21_reg_433               |   9|   0|   64|         55|
    +--------------------------------+----+----+-----+-----------+
    |Total                           | 492|   0|  547|         55|
    +--------------------------------+----+----+-----+-----------+



================================================================
== Interface
================================================================
* Summary: 
+----------------------+-----+-----+------------+--------------+--------------+
|       RTL Ports      | Dir | Bits|  Protocol  | Source Object|    C Type    |
+----------------------+-----+-----+------------+--------------+--------------+
|ap_clk                |  in |    1| ap_ctrl_hs |      dft     | return value |
|ap_rst                |  in |    1| ap_ctrl_hs |      dft     | return value |
|ap_start              |  in |    1| ap_ctrl_hs |      dft     | return value |
|ap_done               | out |    1| ap_ctrl_hs |      dft     | return value |
|ap_idle               | out |    1| ap_ctrl_hs |      dft     | return value |
|ap_ready              | out |    1| ap_ctrl_hs |      dft     | return value |
|input_real_address0   | out |    8|  ap_memory |  input_real  |     array    |
|input_real_ce0        | out |    1|  ap_memory |  input_real  |     array    |
|input_real_q0         |  in |   32|  ap_memory |  input_real  |     array    |
|input_imag_address0   | out |    8|  ap_memory |  input_imag  |     array    |
|input_imag_ce0        | out |    1|  ap_memory |  input_imag  |     array    |
|input_imag_q0         |  in |   32|  ap_memory |  input_imag  |     array    |
|real_sample_address0  | out |    8|  ap_memory |  real_sample |     array    |
|real_sample_ce0       | out |    1|  ap_memory |  real_sample |     array    |
|real_sample_we0       | out |    1|  ap_memory |  real_sample |     array    |
|real_sample_d0        | out |   32|  ap_memory |  real_sample |     array    |
|imag_sample_address0  | out |    8|  ap_memory |  imag_sample |     array    |
|imag_sample_ce0       | out |    1|  ap_memory |  imag_sample |     array    |
|imag_sample_we0       | out |    1|  ap_memory |  imag_sample |     array    |
|imag_sample_d0        | out |   32|  ap_memory |  imag_sample |     array    |
+----------------------+-----+-----+------------+--------------+--------------+

