

================================================================
== Vivado HLS Report for 'cordiccart2pol'
================================================================
* Date:           Tue Oct 20 04:13:50 2020

* Version:        2019.1 (Build 2552052 on Fri May 24 15:28:33 MDT 2019)
* Project:        cordiccart2pol
* Solution:       solution1
* Product family: zynq
* Target device:  xc7z020-clg400-1


================================================================
== Performance Estimates
================================================================
+ Timing (ns): 
    * Summary: 
    +--------+-------+----------+------------+
    |  Clock | Target| Estimated| Uncertainty|
    +--------+-------+----------+------------+
    |ap_clk  |  10.00|     8.625|        1.25|
    +--------+-------+----------+------------+

+ Latency (clock cycles): 
    * Summary: 
    +------+------+------+------+---------+
    |   Latency   |   Interval  | Pipeline|
    |  min |  max |  min |  max |   Type  |
    +------+------+------+------+---------+
    |  1148|  1260|  1148|  1260|   none  |
    +------+------+------+------+---------+

    + Detail: 
        * Instance: 
        +------------------------------+-------------------+-----+-----+-----+-----+---------+
        |                              |                   |  Latency  |  Interval | Pipeline|
        |           Instance           |       Module      | min | max | min | max |   Type  |
        +------------------------------+-------------------+-----+-----+-----+-----+---------+
        |grp_scaled_fixed2ieee_fu_413  |scaled_fixed2ieee  |   19|   27|   19|   27|   none  |
        +------------------------------+-------------------+-----+-----+-----+-----+---------+

        * Loop: 
        +----------+------+------+----------+-----------+-----------+------+----------+
        |          |   Latency   | Iteration|  Initiation Interval  | Trip |          |
        | Loop Name|  min |  max |  Latency |  achieved |   target  | Count| Pipelined|
        +----------+------+------+----------+-----------+-----------+------+----------+
        |- Loop 1  |  1120|  1232|  80 ~ 88 |          -|          -|    14|    no    |
        +----------+------+------+----------+-----------+-----------+------+----------+



================================================================
== Utilization Estimates
================================================================
* Summary: 
+-----------------+---------+-------+--------+-------+-----+
|       Name      | BRAM_18K| DSP48E|   FF   |  LUT  | URAM|
+-----------------+---------+-------+--------+-------+-----+
|DSP              |        -|      -|       -|      -|    -|
|Expression       |        -|      2|      73|   3715|    -|
|FIFO             |        -|      -|       -|      -|    -|
|Instance         |        -|    110|    9449|  13301|    -|
|Memory           |        8|      -|     277|    868|    -|
|Multiplexer      |        -|      -|       -|    564|    -|
|Register         |        -|      -|    2495|      -|    -|
+-----------------+---------+-------+--------+-------+-----+
|Total            |        8|    112|   12294|  18448|    0|
+-----------------+---------+-------+--------+-------+-----+
|Available        |      280|    220|  106400|  53200|    0|
+-----------------+---------+-------+--------+-------+-----+
|Utilization (%)  |        2|     50|      11|     34|    0|
+-----------------+---------+-------+--------+-------+-----+

+ Detail: 
    * Instance: 
    +------------------------------+----------------------+---------+-------+------+------+-----+
    |           Instance           |        Module        | BRAM_18K| DSP48E|  FF  |  LUT | URAM|
    +------------------------------+----------------------+---------+-------+------+------+-----+
    |cordiccart2pol_darcU_U19      |cordiccart2pol_darcU  |        0|      3|   445|  1149|    0|
    |cordiccart2pol_ddtde_U21      |cordiccart2pol_ddtde  |        0|      0|  3211|  3658|    0|
    |cordiccart2pol_dmsc4_U20      |cordiccart2pol_dmsc4  |        0|     11|   317|   578|    0|
    |cordiccart2pol_fakbM_U6       |cordiccart2pol_fakbM  |        0|      2|   205|   390|    0|
    |cordiccart2pol_falbW_U7       |cordiccart2pol_falbW  |        0|      2|   205|   390|    0|
    |cordiccart2pol_fcqcK_U13      |cordiccart2pol_fcqcK  |        0|      0|    66|   239|    0|
    |cordiccart2pol_fcqcK_U14      |cordiccart2pol_fcqcK  |        0|      0|    66|   239|    0|
    |cordiccart2pol_fcqcK_U15      |cordiccart2pol_fcqcK  |        0|      0|    66|   239|    0|
    |cordiccart2pol_fcqcK_U16      |cordiccart2pol_fcqcK  |        0|      0|    66|   239|    0|
    |cordiccart2pol_fcqcK_U17      |cordiccart2pol_fcqcK  |        0|      0|    66|   239|    0|
    |cordiccart2pol_fcqcK_U18      |cordiccart2pol_fcqcK  |        0|      0|    66|   239|    0|
    |cordiccart2pol_fdncg_U10      |cordiccart2pol_fdncg  |        0|      0|   761|   994|    0|
    |cordiccart2pol_fmmb6_U8       |cordiccart2pol_fmmb6  |        0|      3|   143|   321|    0|
    |cordiccart2pol_fmmb6_U9       |cordiccart2pol_fmmb6  |        0|      3|   143|   321|    0|
    |cordiccart2pol_fpocq_U11      |cordiccart2pol_fpocq  |        0|      0|   128|   277|    0|
    |cordiccart2pol_fppcA_U12      |cordiccart2pol_fppcA  |        0|      0|   100|   138|    0|
    |cordiccart2pol_muAem_U30      |cordiccart2pol_muAem  |        0|      4|   205|    88|    0|
    |cordiccart2pol_muBew_U31      |cordiccart2pol_muBew  |        0|     16|   441|   256|    0|
    |cordiccart2pol_muCeG_U32      |cordiccart2pol_muCeG  |        0|      0|     0|    65|    0|
    |cordiccart2pol_muCeG_U33      |cordiccart2pol_muCeG  |        0|      0|     0|    65|    0|
    |cordiccart2pol_muvdy_U23      |cordiccart2pol_muvdy  |        0|     21|   441|   256|    0|
    |cordiccart2pol_muwdI_U24      |cordiccart2pol_muwdI  |        0|      0|     0|    65|    0|
    |cordiccart2pol_muxdS_U25      |cordiccart2pol_muxdS  |        0|      9|   233|    85|    0|
    |cordiccart2pol_muxdS_U26      |cordiccart2pol_muxdS  |        0|      9|   233|    85|    0|
    |cordiccart2pol_muxdS_U27      |cordiccart2pol_muxdS  |        0|      9|   233|    85|    0|
    |cordiccart2pol_muyd2_U28      |cordiccart2pol_muyd2  |        0|      9|   176|   219|    0|
    |cordiccart2pol_muzec_U29      |cordiccart2pol_muzec  |        0|      9|   233|    85|    0|
    |cordiccart2pol_siudo_U22      |cordiccart2pol_siudo  |        0|      0|   412|   645|    0|
    |grp_scaled_fixed2ieee_fu_413  |scaled_fixed2ieee     |        0|      0|   788|  1652|    0|
    +------------------------------+----------------------+---------+-------+------+------+-----+
    |Total                         |                      |        0|    110|  9449| 13301|    0|
    +------------------------------+----------------------+---------+-------+------+------+-----+

    * DSP48E: 
    N/A

    * Memory: 
    +-------------------------+----------------------+---------+----+-----+-----+------+-----+------+-------------+
    |          Memory         |        Module        | BRAM_18K| FF | LUT | URAM| Words| Bits| Banks| W*Bits*Banks|
    +-------------------------+----------------------+---------+----+-----+-----+------+-----+------+-------------+
    |Kvalues_U                |cordiccart2pol_Kvcud  |        0|  32|    8|    0|    16|   32|     1|          512|
    |angles_U                 |cordiccart2pol_andEe  |        0|  32|    8|    0|    16|   32|     1|          512|
    |fourth_order_double_4_U  |cordiccart2pol_fofYi  |        0|  59|  236|    0|   256|   59|     1|        15104|
    |fourth_order_double_5_U  |cordiccart2pol_fog8j  |        0|  52|  208|    0|   256|   52|     1|        13312|
    |fourth_order_double_6_U  |cordiccart2pol_fohbi  |        0|  44|  176|    0|   256|   44|     1|        11264|
    |fourth_order_double_7_U  |cordiccart2pol_foibs  |        0|  33|  132|    0|   256|   33|     1|         8448|
    |fourth_order_double_s_U  |cordiccart2pol_fojbC  |        0|  25|  100|    0|   256|   25|     1|         6400|
    |ref_4oPi_table_256_V_U   |cordiccart2pol_reeOg  |        8|   0|    0|    0|    10|  256|     1|         2560|
    +-------------------------+----------------------+---------+----+-----+-----+------+-----+------+-------------+
    |Total                    |                      |        8| 277|  868|    0|  1322|  533|     8|        58112|
    +-------------------------+----------------------+---------+----+-----+-----+------+-----+------+-------------+

    * FIFO: 
    N/A

    * Expression: 
    +---------------------------+----------+-------+----+-----+------------+------------+
    |       Variable Name       | Operation| DSP48E| FF | LUT | Bitwidth P0| Bitwidth P1|
    +---------------------------+----------+-------+----+-----+------------+------------+
    |r_V_29_fu_1391_p2          |     *    |      2|   0|   24|          35|          25|
    |add_ln114_1_fu_948_p2      |     +    |      0|   0|   13|          11|          11|
    |add_ln114_fu_1113_p2       |     +    |      0|   0|   13|          11|          11|
    |i_fu_838_p2                |     +    |      0|   0|   13|           4|           1|
    |ret_V_23_fu_1414_p2        |     +    |      0|   0|   64|          64|          64|
    |ret_V_24_fu_1423_p2        |     +    |      0|   0|   64|          64|          64|
    |ret_V_25_fu_1442_p2        |     +    |      0|   0|   64|          64|          64|
    |ret_V_fu_1450_p2           |     +    |      0|   0|   64|          64|          64|
    |Ex_V_fu_1146_p2            |     -    |      0|   0|   13|          11|          11|
    |Mx_bits_V_1_fu_1054_p2     |     -    |      0|   0|  131|           1|         124|
    |ret_V_18_fu_1496_p2        |     -    |      0|   0|   12|           1|          12|
    |sub_ln1311_fu_1173_p2      |     -    |      0|   0|   12|           1|          12|
    |and_ln18_fu_563_p2         |    and   |      0|   0|    2|           1|           1|
    |and_ln20_1_fu_688_p2       |    and   |      0|   0|    2|           1|           1|
    |and_ln20_2_fu_716_p2       |    and   |      0|   0|    2|           1|           1|
    |and_ln20_fu_604_p2         |    and   |      0|   0|    2|           1|           1|
    |and_ln27_1_fu_628_p2       |    and   |      0|   0|    2|           1|           1|
    |and_ln27_2_fu_652_p2       |    and   |      0|   0|    2|           1|           1|
    |and_ln27_fu_610_p2         |    and   |      0|   0|    2|           1|           1|
    |and_ln27_fu_646_p2         |    and   |      0|   0|    2|           1|           1|
    |and_ln29_1_fu_735_p2       |    and   |      0|   0|    2|           1|           1|
    |and_ln29_fu_707_p2         |    and   |      0|   0|    2|           1|           1|
    |and_ln300_1_fu_1683_p2     |    and   |      0|   0|    2|           1|           1|
    |and_ln300_fu_1618_p2       |    and   |      0|   0|    2|           1|           1|
    |and_ln38_1_fu_664_p2       |    and   |      0|   0|    2|           1|           1|
    |and_ln38_fu_616_p2         |    and   |      0|   0|    2|           1|           1|
    |and_ln54_fu_886_p2         |    and   |      0|   0|    2|           1|           1|
    |p_Repl2_3_fu_1693_p2       |    and   |      0|   0|    2|           1|           1|
    |tmp_i_i_i_fu_1101_p3       |   cttz   |      0|  73|   71|          64|           0|
    |closepath_fu_943_p2        |   icmp   |      0|   0|   13|          11|          10|
    |icmp_ln18_1_fu_551_p2      |   icmp   |      0|   0|   18|          23|           1|
    |icmp_ln18_fu_545_p2        |   icmp   |      0|   0|   11|           8|           2|
    |icmp_ln20_1_fu_592_p2      |   icmp   |      0|   0|   18|          23|           1|
    |icmp_ln20_fu_586_p2        |   icmp   |      0|   0|   11|           8|           2|
    |icmp_ln53_fu_832_p2        |   icmp   |      0|   0|    9|           4|           3|
    |icmp_ln54_1_fu_874_p2      |   icmp   |      0|   0|   18|          23|           1|
    |icmp_ln54_fu_868_p2        |   icmp   |      0|   0|   11|           8|           2|
    |icmp_ln833_1_fu_1019_p2    |   icmp   |      0|   0|   29|          52|           1|
    |icmp_ln833_2_fu_1165_p2    |   icmp   |      0|   0|   13|          11|           2|
    |icmp_ln833_fu_1160_p2      |   icmp   |      0|   0|   13|          11|           1|
    |r_V_fu_1194_p2             |   lshr   |      0|   0|  180|          63|          63|
    |or_ln18_fu_557_p2          |    or    |      0|   0|    2|           1|           1|
    |or_ln20_1_fu_721_p2        |    or    |      0|   0|    2|           1|           1|
    |or_ln20_fu_598_p2          |    or    |      0|   0|    2|           1|           1|
    |or_ln300_fu_1648_p2        |    or    |      0|   0|    2|           1|           1|
    |or_ln311_fu_1627_p2        |    or    |      0|   0|    2|           1|           1|
    |or_ln38_fu_747_p2          |    or    |      0|   0|    2|           1|           1|
    |or_ln54_fu_880_p2          |    or    |      0|   0|    2|           1|           1|
    |addr_V_fu_953_p3           |  select  |      0|   0|   11|           1|           7|
    |grp_fu_435_p1              |  select  |      0|   0|   32|           1|          32|
    |grp_fu_510_p3              |  select  |      0|   0|   32|           1|          32|
    |p_Val2_13_fu_1059_p3       |  select  |      0|   0|  124|           1|         124|
    |p_Val2_38_fu_1044_p3       |  select  |      0|   0|    3|           1|           1|
    |r_V_22_fu_1204_p3          |  select  |      0|   0|   63|           1|          63|
    |ret_V_19_fu_1653_p3        |  select  |      0|   0|   11|           1|          11|
    |ret_V_20_fu_1675_p3        |  select  |      0|   0|   52|           1|          52|
    |select_ln20_1_fu_700_p3    |  select  |      0|   0|   32|           1|          32|
    |select_ln20_2_fu_727_p3    |  select  |      0|   0|   32|           1|           1|
    |select_ln20_3_fu_764_p3    |  select  |      0|   0|   32|           1|          32|
    |select_ln20_4_fu_778_p3    |  select  |      0|   0|   32|           1|          32|
    |select_ln20_5_fu_798_p3    |  select  |      0|   0|   32|           1|          32|
    |select_ln20_6_fu_812_p3    |  select  |      0|   0|   32|           1|          32|
    |select_ln20_fu_692_p3      |  select  |      0|   0|   31|           1|           1|
    |select_ln271_fu_1611_p3    |  select  |      0|   0|    2|           1|           1|
    |select_ln272_1_fu_1456_p3  |  select  |      0|   0|   63|           1|          63|
    |select_ln272_fu_1475_p3    |  select  |      0|   0|   11|           1|          11|
    |select_ln29_1_fu_785_p3    |  select  |      0|   0|   32|           1|          32|
    |select_ln29_2_fu_804_p3    |  select  |      0|   0|   32|           1|          32|
    |select_ln29_3_fu_819_p3    |  select  |      0|   0|   32|           1|          32|
    |select_ln29_fu_771_p3      |  select  |      0|   0|   32|           1|          32|
    |select_ln300_2_fu_1667_p3  |  select  |      0|   0|    2|           1|           2|
    |select_ln300_fu_1640_p3    |  select  |      0|   0|   10|           1|          10|
    |select_ln311_fu_1632_p3    |  select  |      0|   0|    2|           1|           1|
    |select_ln38_1_fu_752_p3    |  select  |      0|   0|   32|           1|          32|
    |select_ln38_2_fu_792_p3    |  select  |      0|   0|   32|           1|          32|
    |select_ln38_3_fu_826_p3    |  select  |      0|   0|   32|           1|          32|
    |select_ln38_fu_740_p3      |  select  |      0|   0|   31|           1|          31|
    |select_ln482_fu_1118_p3    |  select  |      0|   0|   11|           1|          11|
    |select_ln70_1_fu_1717_p3   |  select  |      0|   0|   64|           1|          64|
    |select_ln70_2_fu_1724_p3   |  select  |      0|   0|   64|           1|           1|
    |select_ln70_fu_1710_p3     |  select  |      0|   0|   64|           1|           1|
    |ush_fu_1179_p3             |  select  |      0|   0|   12|           1|          12|
    |r_V_20_fu_983_p2           |    shl   |      0|   0|  950|         256|         256|
    |r_V_21_fu_1128_p2          |    shl   |      0|   0|  411|         124|         124|
    |r_V_6_fu_1199_p2           |    shl   |      0|   0|  180|          63|          63|
    |xor_ln18_fu_622_p2         |    xor   |      0|   0|    2|           2|           1|
    |xor_ln20_fu_711_p2         |    xor   |      0|   0|    2|           2|           1|
    |xor_ln23_fu_670_p2         |    xor   |      0|   0|   33|          32|          33|
    |xor_ln27_fu_634_p2         |    xor   |      0|   0|    2|           1|           2|
    |xor_ln27_fu_640_p2         |    xor   |      0|   0|    2|           1|           2|
    |xor_ln27_fu_658_p2         |    xor   |      0|   0|    2|           2|           1|
    |xor_ln300_1_fu_1661_p2     |    xor   |      0|   0|    2|           2|           1|
    |xor_ln300_fu_1687_p2       |    xor   |      0|   0|    2|           2|           1|
    |xor_ln311_fu_1622_p2       |    xor   |      0|   0|    2|           1|           2|
    |xor_ln31_fu_679_p2         |    xor   |      0|   0|   33|          32|          33|
    |xor_ln57_fu_896_p2         |    xor   |      0|   0|   33|          32|          33|
    +---------------------------+----------+-------+----+-----+------------+------------+
    |Total                      |          |      2|  73| 3715|        1249|        2044|
    +---------------------------+----------+-------+----+-----+------------+------------+

    * Multiplexer: 
    +----------------------+-----+-----------+-----+-----------+
    |         Name         | LUT | Input Size| Bits| Total Bits|
    +----------------------+-----+-----------+-----+-----------+
    |ap_NS_fsm             |  393|         90|    1|         90|
    |factor_0_reg_370      |    9|          2|   32|         64|
    |grp_fu_419_opcode     |   15|          3|    2|          6|
    |grp_fu_419_p0         |   15|          3|   32|         96|
    |grp_fu_419_p1         |   15|          3|   32|         96|
    |grp_fu_446_p0         |   15|          3|   64|        192|
    |grp_fu_450_p0         |   21|          4|   32|        128|
    |grp_fu_456_p0         |   15|          3|   32|         96|
    |grp_fu_497_p0         |   15|          3|   64|        192|
    |grp_fu_497_p1         |   15|          3|   64|        192|
    |i_0_reg_382           |    9|          2|    4|          8|
    |p_45_reg_393          |    9|          2|   32|         64|
    |theta_load_2_reg_360  |    9|          2|   32|         64|
    |trans_reg_403         |    9|          2|   32|         64|
    +----------------------+-----+-----------+-----+-----------+
    |Total                 |  564|        125|  455|       1352|
    +----------------------+-----+-----------+-----+-----------+

    * Register: 
    +-------------------------------------------+-----+----+-----+-----------+
    |                    Name                   |  FF | LUT| Bits| Const Bits|
    +-------------------------------------------+-----+----+-----+-----------+
    |B_V_reg_2024                               |   56|   0|   56|          0|
    |B_fourth_power_V_reg_2128                  |   35|   0|   35|          0|
    |B_squared_V_reg_2065                       |   49|   0|   49|          0|
    |B_third_power_V_reg_2123                   |   42|   0|   42|          0|
    |B_trunc_V_reg_2029                         |   49|   0|   49|          0|
    |Ex_V_reg_1994                              |   11|   0|   11|          0|
    |Kvalues_load_reg_1854                      |   32|   0|   32|          0|
    |Mx_V_reg_1987                              |   63|   0|   63|          0|
    |Mx_zeros_V_reg_1981                        |    6|   0|    6|          0|
    |and_ln18_reg_1762                          |    1|   0|    1|          0|
    |and_ln20_2_reg_1795                        |    1|   0|    1|          0|
    |and_ln20_reg_1773                          |    1|   0|    1|          0|
    |and_ln27_1_reg_1781                        |    1|   0|    1|          0|
    |and_ln38_1_reg_1787                        |    1|   0|    1|          0|
    |and_ln54_reg_1848                          |    1|   0|    1|          0|
    |angles_load_reg_1860                       |   32|   0|   32|          0|
    |ap_CS_fsm                                  |   89|   0|   89|          0|
    |bitcast_ln18_reg_1757                      |   32|   0|   32|          0|
    |bitcast_ln20_reg_1768                      |   32|   0|   32|          0|
    |closepath_reg_1892                         |    1|   0|    1|          0|
    |factor_0_reg_370                           |   32|   0|   32|          0|
    |fourth_order_double_10_reg_2071            |   52|   0|   52|          0|
    |fourth_order_double_12_reg_2076            |   44|   0|   44|          0|
    |fourth_order_double_14_reg_2148            |   33|   0|   33|          0|
    |fourth_order_double_16_reg_2153            |   25|   0|   25|          0|
    |grp_scaled_fixed2ieee_fu_413_ap_start_reg  |    1|   0|    1|          0|
    |i_0_reg_382                                |    4|   0|    4|          0|
    |i_reg_1833                                 |    4|   0|    4|          0|
    |icmp_ln833_1_reg_1933                      |    1|   0|    1|          0|
    |icmp_ln833_2_reg_2012                      |    1|   0|    1|          0|
    |icmp_ln833_reg_2006                        |    1|   0|    1|          0|
    |isNeg_reg_2000                             |    1|   0|    1|          0|
    |or_ln20_1_reg_1800                         |    1|   0|    1|          0|
    |or_ln38_reg_1805                           |    1|   0|    1|          0|
    |p_45_reg_393                               |   32|   0|   32|          0|
    |p_Repl2_3_reg_2223                         |    1|   0|    1|          0|
    |p_Result_i_i_i_42_reg_1976                 |   61|   0|   61|          0|
    |p_Result_i_i_reg_2019                      |    7|   0|    7|          0|
    |p_Result_s_reg_1872                        |    1|   0|    1|          0|
    |p_Val2_13_reg_1971                         |  124|   0|  124|          0|
    |p_Val2_22_reg_2133                         |   59|   0|   59|          0|
    |p_Val2_37_reg_1944                         |  124|   0|  124|          0|
    |p_Val2_38_reg_1965                         |    3|   0|    3|          0|
    |p_pn_reg_1918                              |   32|   0|   32|          0|
    |r_V_8_reg_2041                             |   49|   0|   98|         49|
    |reg_517                                    |   64|   0|   64|          0|
    |reg_523                                    |   64|   0|   64|          0|
    |result_V_reg_2198                          |   63|   0|   63|          0|
    |ret_V_18_reg_2203                          |   12|   0|   12|          0|
    |ret_V_19_reg_2213                          |   11|   0|   11|          0|
    |ret_V_20_reg_2218                          |   52|   0|   52|          0|
    |ret_V_21_reg_1908                          |  170|   0|  170|          0|
    |ret_V_24_reg_2173                          |   64|   0|   64|          0|
    |ret_V_reg_2183                             |   64|   0|   64|          0|
    |select_ln311_reg_2208                      |    1|   0|    1|          0|
    |select_ln54_2_reg_1955                     |   32|   0|   32|          0|
    |select_ln54_reg_1939                       |   32|   0|   32|          0|
    |select_ln70_2_reg_2248                     |   64|   0|   64|          0|
    |sin_basis_reg_2034                         |    1|   0|    1|          0|
    |theta_load_2_reg_360                       |   32|   0|   32|          0|
    |tmp_10_reg_1913                            |   32|   0|   32|          0|
    |tmp_12_reg_2243                            |   64|   0|   64|          0|
    |tmp_17_reg_2233                            |   64|   0|   64|          0|
    |tmp_18_reg_2178                            |   37|   0|   37|          0|
    |tmp_19_reg_2168                            |   29|   0|   29|          0|
    |tmp_V_1_reg_1886                           |   52|   0|   52|          0|
    |tmp_V_reg_1877                             |   11|   0|   11|          0|
    |tmp_s_reg_2253                             |   64|   0|   64|          0|
    |trans_reg_403                              |   32|   0|   32|          0|
    |trunc_ln601_reg_1903                       |    7|   0|    7|          0|
    |trunc_ln662_1_reg_2143                     |   48|   0|   48|          0|
    |trunc_ln6_reg_2138                         |   56|   0|   56|          0|
    |trunc_ln_i_i_reg_1950                      |    3|   0|    3|          0|
    |y_assign_1_reg_1960                        |   32|   0|   32|          0|
    |zext_ln20_reg_1815                         |    1|   0|   32|         31|
    |zext_ln498_reg_2048                        |    8|   0|   64|         56|
    +-------------------------------------------+-----+----+-----+-----------+
    |Total                                      | 2495|   0| 2631|        136|
    +-------------------------------------------+-----+----+-----+-----------+



================================================================
== Interface
================================================================
* Summary: 
+--------------+-----+-----+------------+----------------+--------------+
|   RTL Ports  | Dir | Bits|  Protocol  |  Source Object |    C Type    |
+--------------+-----+-----+------------+----------------+--------------+
|ap_clk        |  in |    1| ap_ctrl_hs | cordiccart2pol | return value |
|ap_rst        |  in |    1| ap_ctrl_hs | cordiccart2pol | return value |
|ap_start      |  in |    1| ap_ctrl_hs | cordiccart2pol | return value |
|ap_done       | out |    1| ap_ctrl_hs | cordiccart2pol | return value |
|ap_idle       | out |    1| ap_ctrl_hs | cordiccart2pol | return value |
|ap_ready      | out |    1| ap_ctrl_hs | cordiccart2pol | return value |
|x             |  in |   32|   ap_none  |        x       |    scalar    |
|y             |  in |   32|   ap_none  |        y       |    scalar    |
|r             | out |   32|   ap_vld   |        r       |    pointer   |
|r_ap_vld      | out |    1|   ap_vld   |        r       |    pointer   |
|theta         | out |   32|   ap_vld   |      theta     |    pointer   |
|theta_ap_vld  | out |    1|   ap_vld   |      theta     |    pointer   |
+--------------+-----+-----+------------+----------------+--------------+

