

================================================================
== Vivado HLS Report for 'fir'
================================================================
* Date:           Sun Oct 11 23:25:21 2020

* Version:        2019.1 (Build 2552052 on Fri May 24 15:28:33 MDT 2019)
* Project:        baseline
* Solution:       solution1
* Product family: zynq
* Target device:  xc7z020-clg400-1


================================================================
== Performance Estimates
================================================================
+ Timing (ns): 
    * Summary: 
    +--------+-------+----------+------------+
    |  Clock | Target| Estimated| Uncertainty|
    +--------+-------+----------+------------+
    |ap_clk  |  10.00|     8.510|        1.25|
    +--------+-------+----------+------------+

+ Latency (clock cycles): 
    * Summary: 
    +-----+-----+-----+-----+---------+
    |  Latency  |  Interval | Pipeline|
    | min | max | min | max |   Type  |
    +-----+-----+-----+-----+---------+
    |  261|  261|  261|  261|   none  |
    +-----+-----+-----+-----+---------+

    + Detail: 
        * Instance: 
        N/A

        * Loop: 
        +----------+-----+-----+----------+-----------+-----------+------+----------+
        |          |  Latency  | Iteration|  Initiation Interval  | Trip |          |
        | Loop Name| min | max |  Latency |  achieved |   target  | Count| Pipelined|
        +----------+-----+-----+----------+-----------+-----------+------+----------+
        |- Loop 1  |  127|  127|         2|          1|          1|   127|    yes   |
        |- Loop 2  |  130|  130|         4|          1|          1|   128|    yes   |
        +----------+-----+-----+----------+-----------+-----------+------+----------+



================================================================
== Utilization Estimates
================================================================
* Summary: 
+-----------------+---------+-------+--------+-------+-----+
|       Name      | BRAM_18K| DSP48E|   FF   |  LUT  | URAM|
+-----------------+---------+-------+--------+-------+-----+
|DSP              |        -|      -|       -|      -|    -|
|Expression       |        -|      2|       0|    121|    -|
|FIFO             |        -|      -|       -|      -|    -|
|Instance         |        -|      -|       -|      -|    -|
|Memory           |        2|      -|       5|     10|    0|
|Multiplexer      |        -|      -|       -|    132|    -|
|Register         |        0|      -|     200|     32|    -|
+-----------------+---------+-------+--------+-------+-----+
|Total            |        2|      2|     205|    295|    0|
+-----------------+---------+-------+--------+-------+-----+
|Available        |      280|    220|  106400|  53200|    0|
+-----------------+---------+-------+--------+-------+-----+
|Utilization (%)  |    ~0   |   ~0  |   ~0   |   ~0  |    0|
+-----------------+---------+-------+--------+-------+-----+

+ Detail: 
    * Instance: 
    N/A

    * DSP48E: 
    N/A

    * Memory: 
    +--------+----------+---------+---+----+-----+------+-----+------+-------------+
    | Memory |  Module  | BRAM_18K| FF| LUT| URAM| Words| Bits| Banks| W*Bits*Banks|
    +--------+----------+---------+---+----+-----+------+-----+------+-------------+
    |c_U     |fir_c     |        0|  5|  10|    0|   128|    5|     1|          640|
    |data_U  |fir_data  |        2|  0|   0|    0|   128|   32|     1|         4096|
    +--------+----------+---------+---+----+-----+------+-----+------+-------------+
    |Total   |          |        2|  5|  10|    0|   256|   37|     2|         4736|
    +--------+----------+---------+---+----+-----+------+-----+------+-------------+

    * FIFO: 
    N/A

    * Expression: 
    +-------------------------+----------+-------+---+----+------------+------------+
    |      Variable Name      | Operation| DSP48E| FF| LUT| Bitwidth P0| Bitwidth P1|
    +-------------------------+----------+-------+---+----+------------+------------+
    |mul_ln35_fu_194_p2       |     *    |      2|  0|  20|          32|           5|
    |acc_fu_199_p2            |     +    |      0|  0|  39|          32|          32|
    |i_1_fu_179_p2            |     +    |      0|  0|  15|           8|           1|
    |i_fu_157_p2              |     +    |      0|  0|  15|           7|           2|
    |icmp_ln25_fu_151_p2      |   icmp   |      0|  0|  11|           7|           1|
    |icmp_ln33_fu_173_p2      |   icmp   |      0|  0|  13|           8|           9|
    |ap_enable_pp0            |    xor   |      0|  0|   2|           1|           2|
    |ap_enable_pp1            |    xor   |      0|  0|   2|           1|           2|
    |ap_enable_reg_pp0_iter1  |    xor   |      0|  0|   2|           2|           1|
    |ap_enable_reg_pp1_iter1  |    xor   |      0|  0|   2|           2|           1|
    +-------------------------+----------+-------+---+----+------------+------------+
    |Total                    |          |      2|  0| 121|         100|          56|
    +-------------------------+----------+-------+---+----+------------+------------+

    * Multiplexer: 
    +------------------------------+----+-----------+-----+-----------+
    |             Name             | LUT| Input Size| Bits| Total Bits|
    +------------------------------+----+-----------+-----+-----------+
    |acc_0_reg_127                 |   9|          2|   32|         64|
    |ap_NS_fsm                     |  33|          6|    1|          6|
    |ap_enable_reg_pp0_iter1       |  15|          3|    1|          3|
    |ap_enable_reg_pp1_iter1       |   9|          2|    1|          2|
    |ap_enable_reg_pp1_iter3       |   9|          2|    1|          2|
    |ap_phi_mux_i_0_phi_fu_119_p4  |   9|          2|    7|         14|
    |data_address0                 |  15|          3|    7|         21|
    |data_address1                 |  15|          3|    7|         21|
    |i1_0_reg_140                  |   9|          2|    8|         16|
    |i_0_reg_115                   |   9|          2|    7|         14|
    +------------------------------+----+-----------+-----+-----------+
    |Total                         | 132|         27|   72|        163|
    +------------------------------+----+-----------+-----+-----------+

    * Register: 
    +-------------------------+----+----+-----+-----------+
    |           Name          | FF | LUT| Bits| Const Bits|
    +-------------------------+----+----+-----+-----------+
    |acc_0_reg_127            |  32|   0|   32|          0|
    |ap_CS_fsm                |   5|   0|    5|          0|
    |ap_enable_reg_pp0_iter0  |   1|   0|    1|          0|
    |ap_enable_reg_pp0_iter1  |   1|   0|    1|          0|
    |ap_enable_reg_pp1_iter0  |   1|   0|    1|          0|
    |ap_enable_reg_pp1_iter1  |   1|   0|    1|          0|
    |ap_enable_reg_pp1_iter2  |   1|   0|    1|          0|
    |ap_enable_reg_pp1_iter3  |   1|   0|    1|          0|
    |c_load_reg_247           |   5|   0|    5|          0|
    |data_load_1_reg_242      |  32|   0|   32|          0|
    |i1_0_reg_140             |   8|   0|    8|          0|
    |i_0_reg_115              |   7|   0|    7|          0|
    |i_reg_213                |   7|   0|    7|          0|
    |icmp_ln25_reg_209        |   1|   0|    1|          0|
    |icmp_ln33_reg_223        |   1|   0|    1|          0|
    |mul_ln35_reg_252         |  32|   0|   32|          0|
    |icmp_ln33_reg_223        |  64|  32|    1|          0|
    +-------------------------+----+----+-----+-----------+
    |Total                    | 200|  32|  137|          0|
    +-------------------------+----+----+-----+-----------+



================================================================
== Interface
================================================================
* Summary: 
+----------+-----+-----+------------+--------------+--------------+
| RTL Ports| Dir | Bits|  Protocol  | Source Object|    C Type    |
+----------+-----+-----+------------+--------------+--------------+
|ap_clk    |  in |    1| ap_ctrl_hs |      fir     | return value |
|ap_rst    |  in |    1| ap_ctrl_hs |      fir     | return value |
|ap_start  |  in |    1| ap_ctrl_hs |      fir     | return value |
|ap_done   | out |    1| ap_ctrl_hs |      fir     | return value |
|ap_idle   | out |    1| ap_ctrl_hs |      fir     | return value |
|ap_ready  | out |    1| ap_ctrl_hs |      fir     | return value |
|y         | out |   32|   ap_vld   |       y      |    pointer   |
|y_ap_vld  | out |    1|   ap_vld   |       y      |    pointer   |
|x         |  in |   32|   ap_none  |       x      |    scalar    |
+----------+-----+-----+------------+--------------+--------------+

